<?xml version="1.0" encoding="UTF-8"?>
<testsuite name="TamagotchiTest" tests="3" skipped="0" failures="0" errors="0" timestamp="2016-02-16T21:52:04" hostname="epicodus-62.local" time="0.0">
  <properties/>
  <testcase name="tamagotchi_instantiatesCorrectly_true" classname="TamagotchiTest" time="0.0"/>
  <testcase name="isAlive_foodLevelAbove0_true" classname="TamagotchiTest" time="0.0"/>
  <testcase name="timePasses_foodDecreasesByOne" classname="TamagotchiTest" time="0.0"/>
  <system-out><![CDATA[]]></system-out>
  <system-err><![CDATA[]]></system-err>
</testsuite>
