<?xml version="1.0" encoding="UTF-8"?>
<testsuite name="TamagotchiTest" tests="9" skipped="0" failures="0" errors="0" timestamp="2016-02-16T23:53:28" hostname="epicodus-62.local" time="0.002">
  <properties/>
  <testcase name="isPlayful_playLevelDoesNotExceedMax_true" classname="TamagotchiTest" time="0.0"/>
  <testcase name="isAlive_foodLevelBelow1_false" classname="TamagotchiTest" time="0.0"/>
  <testcase name="tamagotchi_instantiatesCorrectly_true" classname="TamagotchiTest" time="0.0"/>
  <testcase name="isAlive_foodLevelAbove0_true" classname="TamagotchiTest" time="0.0"/>
  <testcase name="timePasses_foodDecreasesByTwo_8" classname="TamagotchiTest" time="0.001"/>
  <testcase name="randomEvent_addsSleep_true" classname="TamagotchiTest" time="0.0"/>
  <testcase name="timePasses_foodDecreasesByOne" classname="TamagotchiTest" time="0.0"/>
  <testcase name="isFed_foodLevelDoesNotExceedMax_true" classname="TamagotchiTest" time="0.0"/>
  <testcase name="addFood_foodIncreasesByOne_true" classname="TamagotchiTest" time="0.0"/>
  <system-out><![CDATA[]]></system-out>
  <system-err><![CDATA[]]></system-err>
</testsuite>
